Start testing: Nov 12 21:15 ?D1®≤°¿®∫°¡?®∫°¿??
----------------------------------------------------------
1/1 Testing: unitTest_person
1/1 Test: unitTest_person
Command: "D:/final/build/test/test_person.exe"
Directory: D:/final/build/test
"unitTest_person" start time: Nov 12 21:15 ?D1®≤°¿®∫°¡?®∫°¿??
Output:
----------------------------------------------------------
 test:Â∞èÊòé      Áî∑ 
<end of output>
Test time =   0.02 sec
----------------------------------------------------------
Test Passed.
"unitTest_person" end time: Nov 12 21:15 ?D1®≤°¿®∫°¡?®∫°¿??
"unitTest_person" time elapsed: 00:00:00
----------------------------------------------------------

End testing: Nov 12 21:15 ?D1®≤°¿®∫°¡?®∫°¿??
